2022-03-30 18:01:04,783 [Worker-4: Loading available Gradle versions] INFO  o.e.b.c.i.u.g.PublishedGradleVersions - Gradle version information cache is up-to-date. Trying to read.
2022-04-06 14:10:15,944 [Worker-1: Loading available Gradle versions] INFO  o.e.b.c.i.u.g.PublishedGradleVersions - Gradle version information cache is out-of-date. Trying to update.
2022-04-06 14:13:28,071 [Start Help Server] INFO  org.eclipse.jetty.server.Server - jetty-10.0.6; built: 2021-06-29T15:28:56.259Z; git: 37e7731b4b142a882d73974ff3bec78d621bd674; jvm 17.0.2+8-LTS-86
2022-04-06 14:13:28,121 [Start Help Server] INFO  o.e.j.s.s.DefaultSessionIdManager - Session workerName=node0
2022-04-06 14:13:28,157 [Start Help Server] INFO  o.e.j.server.handler.ContextHandler - Started o.e.j.s.ServletContextHandler@7321d397{/help,null,AVAILABLE}
2022-04-06 14:13:28,185 [Start Help Server] INFO  o.e.jetty.server.AbstractConnector - Started ServerConnector@6fc17251{HTTP/1.1, (http/1.1)}{127.0.0.1:50512}
2022-04-06 14:13:28,189 [Start Help Server] INFO  org.eclipse.jetty.server.Server - Started Server@7591bd60{STARTING}[10.0.6,sto=0] @213438ms
2022-04-06 15:20:56,715 [Stop Help Server] INFO  org.eclipse.jetty.server.Server - Stopped Server@7591bd60{STOPPING}[10.0.6,sto=0]
2022-04-06 15:20:56,724 [Stop Help Server] INFO  o.e.jetty.server.AbstractConnector - Stopped ServerConnector@6fc17251{HTTP/1.1, (http/1.1)}{127.0.0.1:0}
2022-04-06 15:20:56,738 [Stop Help Server] INFO  o.e.j.server.handler.ContextHandler - Stopped o.e.j.s.ServletContextHandler@7321d397{/help,null,STOPPED}
2022-04-06 15:21:20,584 [Worker-1: Loading available Gradle versions] INFO  o.e.b.c.i.u.g.PublishedGradleVersions - Gradle version information cache is up-to-date. Trying to read.
2022-04-10 14:27:01,151 [Worker-2: Loading available Gradle versions] INFO  o.e.b.c.i.u.g.PublishedGradleVersions - Gradle version information cache is out-of-date. Trying to update.
2022-04-10 15:21:14,181 [Start Help Server] INFO  org.eclipse.jetty.server.Server - jetty-10.0.6; built: 2021-06-29T15:28:56.259Z; git: 37e7731b4b142a882d73974ff3bec78d621bd674; jvm 17.0.2+8-LTS-86
2022-04-10 15:21:14,207 [Start Help Server] INFO  o.e.j.s.s.DefaultSessionIdManager - Session workerName=node0
2022-04-10 15:21:14,232 [Start Help Server] INFO  o.e.j.server.handler.ContextHandler - Started o.e.j.s.ServletContextHandler@767ada55{/help,null,AVAILABLE}
2022-04-10 15:21:14,253 [Start Help Server] INFO  o.e.jetty.server.AbstractConnector - Started ServerConnector@675f40cb{HTTP/1.1, (http/1.1)}{127.0.0.1:52637}
2022-04-10 15:21:14,256 [Start Help Server] INFO  org.eclipse.jetty.server.Server - Started Server@3601a332{STARTING}[10.0.6,sto=0] @6069154ms
2022-04-12 21:02:07,257 [Stop Help Server] INFO  org.eclipse.jetty.server.Server - Stopped Server@3601a332{STOPPING}[10.0.6,sto=0]
2022-04-12 21:02:07,283 [Stop Help Server] INFO  o.e.jetty.server.AbstractConnector - Stopped ServerConnector@675f40cb{HTTP/1.1, (http/1.1)}{127.0.0.1:0}
2022-04-12 21:02:07,326 [Stop Help Server] INFO  o.e.j.server.handler.ContextHandler - Stopped o.e.j.s.ServletContextHandler@767ada55{/help,null,STOPPED}
2022-04-13 14:00:37,193 [Worker-1: Loading available Gradle versions] INFO  o.e.b.c.i.u.g.PublishedGradleVersions - Gradle version information cache is out-of-date. Trying to update.
2022-04-13 15:08:11,014 [Worker-1: Loading available Gradle versions] INFO  o.e.b.c.i.u.g.PublishedGradleVersions - Gradle version information cache is up-to-date. Trying to read.
2022-04-14 21:50:08,209 [Worker-2: Loading available Gradle versions] INFO  o.e.b.c.i.u.g.PublishedGradleVersions - Gradle version information cache is out-of-date. Trying to update.
2022-04-17 17:59:06,089 [Worker-1: Loading available Gradle versions] INFO  o.e.b.c.i.u.g.PublishedGradleVersions - Gradle version information cache is out-of-date. Trying to update.
2022-04-29 12:13:16,894 [Worker-1: Loading available Gradle versions] INFO  o.e.b.c.i.u.g.PublishedGradleVersions - Gradle version information cache is out-of-date. Trying to update.
